<?xml version="1.0" encoding="UTF-8"?>
<robot generator="Robot 4.1.2 (Python 3.10.0 on win32)" generated="20211105 13:20:17.733" rpa="false" schemaversion="2">
<suite id="s1" name="testAttributes" source="C:\Users\Vlad\PycharmProjects\pythonProject2\Automation\tests\testAttributes.robot">
<kw name="Log To Console" library="BuiltIn" type="SETUP">
<arg>Test start</arg>
<doc>Logs the given message to the console.</doc>
<status status="PASS" starttime="20211105 13:20:17.992" endtime="20211105 13:20:17.993"/>
</kw>
<test id="s1-t1" name="Test Case#13 - 1">
<kw name="Go to Inventory page" library="InventoryPage" type="SETUP">
<arg>${username}</arg>
<arg>${password}</arg>
<kw name="Go to Start Page" library="StartPage">
<arg>${username}</arg>
<arg>${password}</arg>
<kw name="Go to Registration Page" library="Utils">
<kw name="Open Browser" library="SeleniumLibrary">
<arg>${url}</arg>
<arg>${BROWSER}[0]</arg>
<doc>Opens a new browser instance to the optional ``url``.</doc>
<msg timestamp="20211105 13:20:17.995" level="INFO">Opening browser 'Chrome' to base url 'https://inventory.edu-netcracker.com/pages/registration.xhtml'.</msg>
<status status="PASS" starttime="20211105 13:20:17.995" endtime="20211105 13:20:19.240"/>
</kw>
<kw name="Registration Page Should Be Open" library="Utils">
<kw name="Sleep" library="BuiltIn">
<arg>2s</arg>
<doc>Pauses the test executed for the given time.</doc>
<msg timestamp="20211105 13:20:21.244" level="INFO">Slept 2 seconds</msg>
<status status="PASS" starttime="20211105 13:20:19.241" endtime="20211105 13:20:21.244"/>
</kw>
<kw name="Title Should Be" library="SeleniumLibrary">
<arg>Registration</arg>
<doc>Verifies that the current page title equals ``title``.</doc>
<msg timestamp="20211105 13:20:21.247" level="INFO">Page title is 'Registration'.</msg>
<status status="PASS" starttime="20211105 13:20:21.244" endtime="20211105 13:20:21.248"/>
</kw>
<status status="PASS" starttime="20211105 13:20:19.241" endtime="20211105 13:20:21.248"/>
</kw>
<status status="PASS" starttime="20211105 13:20:17.995" endtime="20211105 13:20:21.248"/>
</kw>
<kw name="Click login" library="RegistrationPage">
<kw name="Click Element" library="SeleniumLibrary">
<arg>xpath = //a[@class='button']</arg>
<doc>Click the element identified by ``locator``.</doc>
<msg timestamp="20211105 13:20:21.248" level="INFO">Clicking element 'xpath = //a[@class='button']'.</msg>
<status status="PASS" starttime="20211105 13:20:21.248" endtime="20211105 13:20:21.343"/>
</kw>
<status status="PASS" starttime="20211105 13:20:21.248" endtime="20211105 13:20:21.344"/>
</kw>
<kw name="Login Page Should Be Open" library="Utils">
<kw name="Sleep" library="BuiltIn">
<arg>2s</arg>
<doc>Pauses the test executed for the given time.</doc>
<msg timestamp="20211105 13:20:23.355" level="INFO">Slept 2 seconds</msg>
<status status="PASS" starttime="20211105 13:20:21.344" endtime="20211105 13:20:23.356"/>
</kw>
<kw name="Title Should Be" library="SeleniumLibrary">
<arg>Login Page</arg>
<doc>Verifies that the current page title equals ``title``.</doc>
<msg timestamp="20211105 13:20:23.362" level="INFO">Page title is 'Login Page'.</msg>
<status status="PASS" starttime="20211105 13:20:23.356" endtime="20211105 13:20:23.362"/>
</kw>
<status status="PASS" starttime="20211105 13:20:21.344" endtime="20211105 13:20:23.362"/>
</kw>
<kw name="Fills login form" library="LoginPage">
<arg>${username}</arg>
<arg>${password}</arg>
<kw name="Sleep" library="BuiltIn">
<arg>2s</arg>
<doc>Pauses the test executed for the given time.</doc>
<msg timestamp="20211105 13:20:25.371" level="INFO">Slept 2 seconds</msg>
<status status="PASS" starttime="20211105 13:20:23.362" endtime="20211105 13:20:25.371"/>
</kw>
<kw name="Input Text" library="SeleniumLibrary">
<arg>name = j_username</arg>
<arg>${userNameField}</arg>
<doc>Types the given ``text`` into the text field identified by ``locator``.</doc>
<msg timestamp="20211105 13:20:25.372" level="INFO">Typing text 'Volodin_admin' into text field 'name = j_username'.</msg>
<status status="PASS" starttime="20211105 13:20:25.371" endtime="20211105 13:20:25.427"/>
</kw>
<kw name="Sleep" library="BuiltIn">
<arg>2s</arg>
<doc>Pauses the test executed for the given time.</doc>
<msg timestamp="20211105 13:20:27.439" level="INFO">Slept 2 seconds</msg>
<status status="PASS" starttime="20211105 13:20:25.427" endtime="20211105 13:20:27.439"/>
</kw>
<kw name="Input Password" library="SeleniumLibrary">
<arg>name = j_password</arg>
<arg>${passwordField}</arg>
<doc>Types the given password into the text field identified by ``locator``.</doc>
<msg timestamp="20211105 13:20:27.440" level="INFO">Typing password into text field 'name = j_password'.</msg>
<msg timestamp="20211105 13:20:27.468" level="INFO">Temporally setting log level to: NONE</msg>
<msg timestamp="20211105 13:20:27.504" level="INFO">Log level changed from NONE to INFO.</msg>
<status status="PASS" starttime="20211105 13:20:27.440" endtime="20211105 13:20:27.504"/>
</kw>
<status status="PASS" starttime="20211105 13:20:23.362" endtime="20211105 13:20:27.504"/>
</kw>
<kw name="Click login" library="LoginPage">
<kw name="Click Button" library="SeleniumLibrary">
<arg>name = submit</arg>
<doc>Clicks the button identified by ``locator``.</doc>
<msg timestamp="20211105 13:20:27.504" level="INFO">Clicking button 'name = submit'.</msg>
<status status="PASS" starttime="20211105 13:20:27.504" endtime="20211105 13:20:27.803"/>
</kw>
<status status="PASS" starttime="20211105 13:20:27.504" endtime="20211105 13:20:27.803"/>
</kw>
<kw name="Start Page Should Be Open" library="Utils">
<kw name="Sleep" library="BuiltIn">
<arg>2s</arg>
<doc>Pauses the test executed for the given time.</doc>
<msg timestamp="20211105 13:20:29.816" level="INFO">Slept 2 seconds</msg>
<status status="PASS" starttime="20211105 13:20:27.804" endtime="20211105 13:20:29.817"/>
</kw>
<kw name="Title Should Be" library="SeleniumLibrary">
<arg>Top</arg>
<doc>Verifies that the current page title equals ``title``.</doc>
<msg timestamp="20211105 13:20:29.821" level="INFO">Page title is 'Top'.</msg>
<status status="PASS" starttime="20211105 13:20:29.817" endtime="20211105 13:20:29.821"/>
</kw>
<status status="PASS" starttime="20211105 13:20:27.803" endtime="20211105 13:20:29.821"/>
</kw>
<status status="PASS" starttime="20211105 13:20:17.994" endtime="20211105 13:20:29.822"/>
</kw>
<kw name="Click inventory button" library="StartPage">
<kw name="Wait Until Page Contains Element" library="SeleniumLibrary">
<arg>xpath://*[@id="inventory"]/a</arg>
<doc>Waits until the element ``locator`` appears on the current page.</doc>
<status status="PASS" starttime="20211105 13:20:29.822" endtime="20211105 13:20:29.831"/>
</kw>
<kw name="Click Element" library="SeleniumLibrary">
<arg>xpath://*[@id="inventory"]/a</arg>
<doc>Click the element identified by ``locator``.</doc>
<msg timestamp="20211105 13:20:29.831" level="INFO">Clicking element 'xpath://*[@id="inventory"]/a'.</msg>
<status status="PASS" starttime="20211105 13:20:29.831" endtime="20211105 13:20:30.156"/>
</kw>
<status status="PASS" starttime="20211105 13:20:29.822" endtime="20211105 13:20:30.157"/>
</kw>
<status status="PASS" starttime="20211105 13:20:17.994" endtime="20211105 13:20:30.157"/>
</kw>
<kw name="Click Link" library="SeleniumLibrary">
<arg>xpath://*[.//text() = 'Ukraine']</arg>
<doc>Clicks a link identified by ``locator``.</doc>
<msg timestamp="20211105 13:20:30.158" level="INFO">Clicking link 'xpath://*[.//text() = 'Ukraine']'.</msg>
<status status="PASS" starttime="20211105 13:20:30.157" endtime="20211105 13:20:30.380"/>
</kw>
<kw name="Click Link" library="SeleniumLibrary">
<arg>xpath://*[.//text() = 'Parameters']</arg>
<doc>Clicks a link identified by ``locator``.</doc>
<msg timestamp="20211105 13:20:30.381" level="INFO">Clicking link 'xpath://*[.//text() = 'Parameters']'.</msg>
<status status="PASS" starttime="20211105 13:20:30.381" endtime="20211105 13:20:30.437"/>
</kw>
<kw name="Check attributes">
<kw name="Wait Until Page Contains Element" library="SeleniumLibrary">
<arg>xpath://*[@class="attribute" and text()="Created By"]/following-sibling::td</arg>
<doc>Waits until the element ``locator`` appears on the current page.</doc>
<status status="PASS" starttime="20211105 13:20:30.438" endtime="20211105 13:20:30.658"/>
</kw>
<kw name="Get Text" library="SeleniumLibrary">
<var>${createdBy}</var>
<arg>xpath://*[@class="attribute" and text()="Created By"]/following-sibling::td</arg>
<doc>Returns the text value of the element identified by ``locator``.</doc>
<msg timestamp="20211105 13:20:30.672" level="INFO">${createdBy} = Volodin_admin</msg>
<status status="PASS" starttime="20211105 13:20:30.658" endtime="20211105 13:20:30.672"/>
</kw>
<kw name="Log To Console" library="BuiltIn">
<arg>\n createdBy = ${createdBy}</arg>
<doc>Logs the given message to the console.</doc>
<status status="PASS" starttime="20211105 13:20:30.672" endtime="20211105 13:20:30.672"/>
</kw>
<kw name="Should Not Contain" library="BuiltIn">
<arg>${createdBy}</arg>
<arg>None</arg>
<doc>Fails if ``container`` contains ``item`` one or more times.</doc>
<status status="PASS" starttime="20211105 13:20:30.672" endtime="20211105 13:20:30.673"/>
</kw>
<kw name="Get Text" library="SeleniumLibrary">
<var>${createdWhen}</var>
<arg>xpath://*[@class="attribute" and text()="Created When"]/following-sibling::td</arg>
<doc>Returns the text value of the element identified by ``locator``.</doc>
<msg timestamp="20211105 13:20:30.689" level="INFO">${createdWhen} = 05-Nov-2021 07:47:24</msg>
<status status="PASS" starttime="20211105 13:20:30.673" endtime="20211105 13:20:30.689"/>
</kw>
<kw name="Log To Console" library="BuiltIn">
<arg>\n createdWhen = ${createdWhen}</arg>
<doc>Logs the given message to the console.</doc>
<status status="PASS" starttime="20211105 13:20:30.689" endtime="20211105 13:20:30.690"/>
</kw>
<kw name="Should Not Contain" library="BuiltIn">
<arg>${createdWhen}</arg>
<arg>None</arg>
<doc>Fails if ``container`` contains ``item`` one or more times.</doc>
<status status="PASS" starttime="20211105 13:20:30.690" endtime="20211105 13:20:30.690"/>
</kw>
<kw name="Get Text" library="SeleniumLibrary">
<var>${modifiedBy}</var>
<arg>xpath://*[@class="attribute" and text()="Modified By"]/following-sibling::td</arg>
<doc>Returns the text value of the element identified by ``locator``.</doc>
<msg timestamp="20211105 13:20:30.707" level="INFO">${modifiedBy} = Volodin_admin</msg>
<status status="PASS" starttime="20211105 13:20:30.690" endtime="20211105 13:20:30.707"/>
</kw>
<kw name="Log To Console" library="BuiltIn">
<arg>\n modifiedBy = ${modifiedBy}</arg>
<doc>Logs the given message to the console.</doc>
<status status="PASS" starttime="20211105 13:20:30.707" endtime="20211105 13:20:30.707"/>
</kw>
<kw name="Should Not Contain" library="BuiltIn">
<arg>${modifiedBy}</arg>
<arg>None</arg>
<doc>Fails if ``container`` contains ``item`` one or more times.</doc>
<status status="PASS" starttime="20211105 13:20:30.707" endtime="20211105 13:20:30.708"/>
</kw>
<kw name="Get Text" library="SeleniumLibrary">
<var>${modifiedWhen}</var>
<arg>xpath://*[@class="attribute" and text()="Modified When"]/following-sibling::td</arg>
<doc>Returns the text value of the element identified by ``locator``.</doc>
<msg timestamp="20211105 13:20:30.727" level="INFO">${modifiedWhen} = 05-Nov-2021 07:47:24</msg>
<status status="PASS" starttime="20211105 13:20:30.708" endtime="20211105 13:20:30.727"/>
</kw>
<kw name="Log To Console" library="BuiltIn">
<arg>\n modifiedWhen = ${modifiedWhen}</arg>
<doc>Logs the given message to the console.</doc>
<status status="PASS" starttime="20211105 13:20:30.727" endtime="20211105 13:20:30.727"/>
</kw>
<kw name="Should Not Contain" library="BuiltIn">
<arg>${modifiedWhen}</arg>
<arg>None</arg>
<doc>Fails if ``container`` contains ``item`` one or more times.</doc>
<status status="PASS" starttime="20211105 13:20:30.728" endtime="20211105 13:20:30.728"/>
</kw>
<kw name="Sleep" library="BuiltIn">
<arg>3s</arg>
<doc>Pauses the test executed for the given time.</doc>
<msg timestamp="20211105 13:20:33.733" level="INFO">Slept 3 seconds</msg>
<status status="PASS" starttime="20211105 13:20:30.728" endtime="20211105 13:20:33.733"/>
</kw>
<kw name="Click Link" library="SeleniumLibrary">
<arg>class=logout</arg>
<doc>Clicks a link identified by ``locator``.</doc>
<msg timestamp="20211105 13:20:33.734" level="INFO">Clicking link 'class=logout'.</msg>
<status status="PASS" starttime="20211105 13:20:33.734" endtime="20211105 13:20:33.878"/>
</kw>
<status status="PASS" starttime="20211105 13:20:30.438" endtime="20211105 13:20:33.878"/>
</kw>
<kw name="Close Browser" library="SeleniumLibrary" type="TEARDOWN">
<doc>Closes the current browser.</doc>
<status status="PASS" starttime="20211105 13:20:33.879" endtime="20211105 13:20:35.988"/>
</kw>
<doc>This test case Check object types for attributes: Created By; Modified By; Created When; Modified when</doc>
<tag>TC13</tag>
<status status="PASS" starttime="20211105 13:20:17.993" endtime="20211105 13:20:35.989"/>
</test>
<kw name="Log To Console" library="BuiltIn" type="TEARDOWN">
<arg>Test end</arg>
<doc>Logs the given message to the console.</doc>
<status status="PASS" starttime="20211105 13:20:35.990" endtime="20211105 13:20:35.991"/>
</kw>
<status status="PASS" starttime="20211105 13:20:17.734" endtime="20211105 13:20:35.991"/>
</suite>
<statistics>
<total>
<stat pass="1" fail="0" skip="0">All Tests</stat>
</total>
<tag>
<stat pass="1" fail="0" skip="0">TC13</stat>
</tag>
<suite>
<stat pass="1" fail="0" skip="0" id="s1" name="testAttributes">testAttributes</stat>
</suite>
</statistics>
<errors>
<msg timestamp="20211105 13:20:17.964" level="ERROR">Error in file 'C:\Users\Vlad\PycharmProjects\pythonProject2\Automation\service\InventoryPage.robot' on line 3: Importing library 'RemoteSwingLibrary' failed: ModuleNotFoundError: No module named 'RemoteSwingLibrary'
Traceback (most recent call last):
  None
PYTHONPATH:
  C:\Users\Vlad\Python310\Scripts\robot.exe
  C:\Users\Vlad\Python310\python310.zip
  C:\Users\Vlad\Python310\DLLs
  C:\Users\Vlad\Python310\lib
  C:\Users\Vlad\Python310
  C:\Users\Vlad\Python310\lib\site-packages</msg>
<msg timestamp="20211105 13:20:17.965" level="ERROR">Error in file 'C:\Users\Vlad\PycharmProjects\pythonProject2\Automation\service\InventoryPage.robot' on line 4: Importing library 'SwingLibrary' failed: ModuleNotFoundError: No module named 'SwingLibrary'
Traceback (most recent call last):
  None
PYTHONPATH:
  C:\Users\Vlad\Python310\Scripts\robot.exe
  C:\Users\Vlad\Python310\python310.zip
  C:\Users\Vlad\Python310\DLLs
  C:\Users\Vlad\Python310\lib
  C:\Users\Vlad\Python310
  C:\Users\Vlad\Python310\lib\site-packages</msg>
<msg timestamp="20211105 13:20:17.968" level="ERROR">Error in file 'C:\Users\Vlad\PycharmProjects\pythonProject2\Automation\service\InventoryPage.robot' on line 5: Importing library 'WhiteLibrary' failed: ModuleNotFoundError: No module named 'WhiteLibrary'
Traceback (most recent call last):
  None
PYTHONPATH:
  C:\Users\Vlad\Python310\Scripts\robot.exe
  C:\Users\Vlad\Python310\python310.zip
  C:\Users\Vlad\Python310\DLLs
  C:\Users\Vlad\Python310\lib
  C:\Users\Vlad\Python310
  C:\Users\Vlad\Python310\lib\site-packages</msg>
</errors>
</robot>
